ee807 config: JY v2.0.CMake Sep 18 2019.
ee807 config: ============ InitializeSystem ============
ee807 config: BenzeneProgram::InitRandom()
ee807 config: Seed = 1572368187
ee807 config: IcePatternSet: reading from '/home/d/benzene-vanilla-cmake/share/ice-patterns.txt'.
ee807 config: IcePatternSet: parsed 708 patterns.
ee807 config: VCS: reading captured set patterns from '/home/d/benzene-vanilla-cmake/share/vc-captured-set.txt'.
ee807 config: VCS:: parsed 2 patterns.
ee807 config: VCS: reading captured set patterns from '/home/d/benzene-vanilla-cmake/share/vc-captured-set.txt'.
ee807 config: VCS:: parsed 2 patterns.
ee807 config: IcePatternSet: reading from '/home/d/benzene-vanilla-cmake/share/ice-patterns.txt'.
ee807 config: IcePatternSet: parsed 708 patterns.
ee807 config: VCS: reading captured set patterns from '/home/d/benzene-vanilla-cmake/share/vc-captured-set.txt'.
ee807 config: VCS:: parsed 2 patterns.
ee807 config: VCS: reading captured set patterns from '/home/d/benzene-vanilla-cmake/share/vc-captured-set.txt'.
ee807 config: VCS:: parsed 2 patterns.
ee807 info: boardsize: 9
ee807 info: Num of loaded patterns: 715
ee807 info: Current pattern list:{1,}
ee807 info: 
Default pattern file: /home/d/benzene-vanilla-cmake/share/hex99-3.txt
ee807 info: 
Num of lines in pattern file:26231
ee807 config: VCS: reading captured set patterns from '/home/d/benzene-vanilla-cmake/share/vc-captured-set.txt'.
ee807 config: VCS:: parsed 2 patterns.
ee807 config: VCS: reading captured set patterns from '/home/d/benzene-vanilla-cmake/share/vc-captured-set.txt'.
ee807 config: VCS:: parsed 2 patterns.
ee807 config: VCS: reading captured set patterns from '/home/d/benzene-vanilla-cmake/share/vc-captured-set.txt'.
ee807 config: VCS:: parsed 2 patterns.
ee807 config: VCS: reading captured set patterns from '/home/d/benzene-vanilla-cmake/share/vc-captured-set.txt'.
ee807 config: VCS:: parsed 2 patterns.
ee807 info: last point:f1
ee807 info: Pattern to decompose:1 BN:12 Decompos into:{
ee807 info: 471 80 79 78 77 76 75 74 73 72 71 70 69 68 67 66 65 64 63 62 61 60 59 58 57 56 55 54 53 52 51 50 49 48 47 46 45 44 43 42 41 40 39 38 37 36 35 34 33 32 31 30 29 28 27 26 25 23 22 21 20 19 18 17 16 15 14 13 12 11 10 9 8 7 5 4 3 2 1 
ee807 info: }
ee807 info: last point:f2
ee807 info: Pattern to decompose:1 BN:9 Decompos into:{
ee807 info: 354 80 79 78 77 76 75 74 73 72 71 70 69 68 67 66 65 64 63 62 61 60 59 58 57 56 55 54 53 52 51 50 49 48 47 46 45 44 43 42 41 40 39 38 37 36 35 34 33 32 31 30 29 28 27 26 25 23 22 21 20 19 18 17 16 14 13 12 11 10 9 8 7 6 5 4 3 2 1 
ee807 info: }
ee807 info: last point:f3
ee807 info: Pattern to decompose:1 BN:13 Decompos into:{
ee807 info: 2 33 41 
ee807 info: 42 40 39 38 32 31 30 29 26 25 23 22 21 20 17 16 15 14 13 12 11 9 8 7 6 5 4 3 2 
ee807 info: 336 35 36 42 43 44 48 49 50 51 52 53 56 57 58 59 60 61 62 64 65 66 67 68 69 70 71 72 73 74 75 76 77 78 79 80 
ee807 info: }
ee807 info: last point:e4
ee807 info: Pattern to decompose:1 BN:7 Decompos into:{
ee807 info: 343 80 79 78 77 76 75 74 73 72 71 70 69 68 67 66 65 64 63 62 61 60 59 58 57 56 55 54 53 52 51 50 49 48 47 46 45 44 43 42 41 40 39 38 37 36 35 34 31 30 29 28 27 26 25 24 23 22 21 20 19 18 17 16 15 14 13 12 11 10 9 8 7 6 5 4 3 2 1 
ee807 info: }
ee807 info: last point:f4
ee807 info: Pattern to decompose:1 BN:10 Decompos into:{
ee807 info: 370 80 79 78 77 76 75 74 73 72 71 70 69 68 67 66 65 64 63 62 61 60 59 58 57 56 55 54 53 52 51 50 49 48 47 46 45 44 43 42 41 40 39 38 37 36 35 34 31 30 29 28 27 26 25 24 23 22 21 20 19 18 17 16 15 14 13 12 11 10 9 8 7 6 5 4 3 2 1 
ee807 info: }
ee807 info: last point:f4
ee807 info: Pattern to decompose:1 BN:10 Decompos into:{
ee807 info: 370 80 79 78 77 76 75 74 73 72 71 70 69 68 67 66 65 64 63 62 61 60 59 58 57 56 55 54 53 52 51 50 49 48 47 46 45 44 43 42 41 40 39 38 37 36 35 34 31 30 29 28 27 26 25 24 23 22 21 20 19 18 17 16 15 14 13 12 11 10 9 8 7 6 5 4 3 2 1 
ee807 info: }
ee807 info: last point:g3
ee807 info: Pattern to decompose:370 BN:11 Decompos into:{
ee807 info: 66 40 32 31 25 24 23 22 17 16 15 14 13 9 8 7 6 5 4 
ee807 info: 442 34 41 42 48 49 55 56 57 58 63 64 65 66 67 71 72 73 74 75 76 
ee807 info: }
ee807 info: last point:g2
ee807 info: Pattern to decompose:370 BN:13 Decompos into:{
ee807 info: 84 48 56 57 58 64 65 66 67 72 73 74 75 76 
ee807 info: 286 70 62 61 54 53 52 47 46 45 41 40 39 38 37 36 35 34 33 32 31 30 29 28 27 26 25 24 23 22 21 20 19 18 17 16 15 14 13 12 11 10 9 8 7 6 5 4 3 2 1 
ee807 info: }
ee807 info: last point:f2
ee807 info: Pattern to decompose:370 BN:14 Decompos into:{
ee807 info: 2 70 71 
ee807 info: 86 48 56 57 58 55 65 66 67 54 63 73 74 75 76 
ee807 info: 285 53 47 46 45 41 40 39 38 37 36 35 34 33 32 31 30 29 28 27 26 25 24 23 22 21 20 19 18 17 16 15 14 13 12 11 10 9 8 7 6 5 4 3 2 1 
ee807 info: }
ee807 info: last point:f3
ee807 info: Pattern to decompose:370 BN:12 Decompos into:{
ee807 info: 345 1 2 3 4 5 6 7 8 9 10 11 12 13 14 15 16 17 18 19 20 21 22 23 24 25 26 27 28 29 30 31 32 33 34 35 36 37 38 39 40 41 42 43 44 45 46 47 48 49 50 51 52 53 54 57 58 59 60 61 62 63 64 65 66 67 68 69 70 71 72 73 74 75 76 77 78 
ee807 info: }
ee807 info: last point:g3
ee807 info: Pattern to decompose:370 BN:11 Decompos into:{
ee807 info: 66 40 32 31 25 24 23 22 17 16 15 14 13 9 8 7 6 5 4 
ee807 info: 442 34 41 42 48 49 55 56 57 58 63 64 65 66 67 71 72 73 74 75 76 
ee807 info: }
ee807 info: last point:f3
ee807 info: Pattern to decompose:370 BN:12 Decompos into:{
ee807 info: 345 1 2 3 4 5 6 7 8 9 10 11 12 13 14 15 16 17 18 19 20 21 22 23 24 25 26 27 28 29 30 31 32 33 34 35 36 37 38 39 40 41 42 43 44 45 46 47 48 49 50 51 52 53 54 57 58 59 60 61 62 63 64 65 66 67 68 69 70 71 72 73 74 75 76 77 78 
ee807 info: }
ee807 info: last point:e3
ee807 info: Pattern to decompose:370 BN:15 Decompos into:{
ee807 info: 386 1 2 3 4 5 6 7 8 9 10 11 12 13 14 15 16 17 18 19 20 21 22 23 24 25 26 27 28 29 30 31 32 33 34 35 36 37 38 39 40 41 42 43 44 45 46 47 48 49 50 51 52 53 54 57 58 59 60 61 62 63 64 65 66 67 68 69 70 71 72 73 74 75 76 77 78 
ee807 info: }
ee807 info: last point:d4
ee807 info: Pattern to decompose:370 BN:2 Decompos into:{
ee807 info: 5 56 63 64 65 71 72 73 74 
ee807 info: 286 70 62 61 54 53 52 47 46 45 41 40 39 38 37 36 35 34 33 32 31 30 29 28 27 26 25 24 23 22 21 20 19 18 17 16 15 14 13 12 11 10 9 8 7 6 5 4 3 2 1 
ee807 info: }
ee807 info: last point:c5
ee807 info: Pattern to decompose:370 BN:2 Decompos into:{
ee807 info: 5 56 63 64 65 71 72 73 74 
ee807 info: 286 70 62 61 54 53 52 47 1c647 info: Best move cannot be determined, must search state.
1c647 info: --- MoHexPlayer::Search() ---
1c647 info: Color: black
1c647 info: MaxGames: 99999999
1c647 info: NumberThreads: 1
1c647 info: MaxNodes: 11363636 (999999968 bytes)
1c647 info: TimeForMove: 10
1c647 info: Time for PreSearch: 0.368734s
1c647 info: 
  879bb37f45925e88
  a  b  c  d  e  f  g  h  i  
 1\.  .  .  .  .  .  .  .  .\1
  2\.  .  *  *  *  *  *  *  *\2
   3\.  *  *  *  *  *  *  *  *\3
    4\*  *  *  *  *  *  *  *  *\4
     5\*  *  *  *  *  .  .  .  .\5
      6\.  .  .  .  .  .  .  .  .\6
       7\.  .  .  .  .  .  .  .  .\7
        8\.  .  .  .  .  .  .  .  .\8
         9\.  .  .  .  .  .  .  .  .\9
            a  b  c  d  e  f  g  h  i  
1c647 info: Old: [black, e5] [white, f4] 
1c647 info: New: 
1c647 info: ReuseSubtree: Backtracked to an earlier state.
1c647 info: No subtree to reuse.
1c647 info: StartSearch()[0]
1c647 info: 
Elapsed Time   7.7474s
Count          23315
GamesPlayed    23315
Nodes          78400
Knowledge      122 (0.5%)
Expansions     1551.0
Time           6.25
GameLen        77.1 dev=4.2 min=58.0 max=81.0
InTree         8.2 dev=4.1 min=0.0 max=30.0
KnowDepth      5.3 dev=2.9 min=0.0 max=16.0
Aborted        0%
Games/s        3732.6
Score          0.59
Sequence       h2 h3 g3 d9 f8 f7 g7 g6 g5 g4 h5 h6 f4 f5 e5 f6
1c647 info: 
1c647 config: ============ BenzeneShutdown =============
1c647 config: MoHexProgram:: ShutdownSystem()
1c647 config: CommonProgram:: ShutdownSystem()
1c647 config: BenzeneProgram:: ShutdownSystem()
Flushing and closing this stream...
0 8 7 6 5 4 3 2 1 
ee807 info: }
ee807 info: last point:g3
ee807 info: Pattern to decompose:469 BN:1 Decompos into:{
ee807 info: 2 66 67 
ee807 info: 2 52 60 
ee807 info: 643 51 45 44 43 38 37 36 35 31 30 29 28 24 23 22 21 20 19 16 15 14 13 12 11 10 8 7 6 5 4 3 2 1 
ee807 info: }
ee807 info: last point:g2
ee807 info: Pattern to decompose:469 BN:3 Decompos into:{
ee807 info: 84 31 23 22 21 15 14 13 12 7 6 5 4 3 
ee807 info: 293 9 17 18 25 26 27 32 33 34 39 40 41 42 46 47 48 49 53 54 55 56 57 60 61 62 63 64 65 67 68 69 70 71 72 73 74 
ee807 info: }
ee807 info: last point:h1
ee807 info: Pattern to decompose:469 BN:3 Decompos into:{
ee807 info: 84 31 23 22 21 15 14 13 12 7 6 5 4 3 
ee807 info: 293 9 17 18 25 26 27 32 33 34 39 40 41 42 46 47 48 49 53 54 55 56 57 60 61 62 63 64 65 67 68 69 70 71 72 73 74 
ee807 info: }
ee807 info: last point:f2
ee807 info: Pattern to decompose:469 BN:4 Decompos into:{
ee807 info: 2 8 9 
ee807 info: 86 31 23 22 21 24 14 13 12 16 25 6 5 4 3 
ee807 info: 292 26 32 33 34 39 40 41 42 46 47 48 49 53 54 55 56 57 60 61 62 63 64 65 67 68 69 70 71 72 73 74 
ee807 info: }
ee807 info: last point:e3
ee807 info: Pattern to decompose:469 BN:7 Decompos into:{
ee807 info: 647 66 59 58 52 51 50 45 44 43 38 37 36 35 31 30 29 28 22 21 20 19 16 15 14 13 12 11 10 8 7 6 5 4 3 2 1 
ee807 info: 293 9 17 18 25 26 27 32 33 34 39 40 41 42 46 47 48 49 53 54 55 56 57 60 61 62 63 64 65 67 68 69 70 71 72 73 74 
ee807 info: }
ee807 info: last point:e3
ee807 info: Pattern to decompose:469 BN:7 Decompos into:{
ee807 info: 647 66 59 58 52 51 50 45 44 43 38 37 36 35 31 30 29 28 22 21 20 19 16 15 14 13 12 11 10 8 7 6 5 4 3 2 1 
ee807 info: 293 9 17 18 25 26 27 32 33 34 39 40 41 42 46 47 48 49 53 54 55 56 57 60 61 62 63 64 65 67 68 69 70 71 72 73 74 
ee807 info: }
ee807 info: last point:f2
ee807 info: Pattern to decompose:647 BN:0 Decompos into:{
ee807 info: 2 29 30 
ee807 info: }
ee807 info: last point:g1
ee807 info: Pattern to decompose:647 BN:1 Decompos into:{
ee807 info: 390 1 2 3 4 5 7 8 10 11 14 15 18 19 24 25 31 32 33 
ee807 info: }
ee807 info: last point:g1
ee807 info: Pattern to decompose:647 BN:1 Decompos into:{
ee807 info: 390 1 2 3 4 5 7 8 10 11 14 15 18 19 24 25 31 32 33 
ee807 info: }
ee807 info: last point:e2
ee807 info: Pattern to decompose:390 BN:0 Decompos into:{ }
ee807 info: last point:d3
ee807 info: Pattern to decompose:390 BN:0 Decompos into:{ }
ee807 info: last point:d3
ee807 info: Pattern to decompose:390 BN:0 Decompos into:{ }
ee807 info: last point:d4
ee807 info: Out of pattern_list coverage, select the first brach of the last pattern 293
ee807 info: Pattern to decompose:293 BN:0 Decompos into:{
ee807 info: 2 29 30 
ee807 info: }
ee807 info: last point:f5
ee807 info: Pattern to decompose:293 BN:0 Decompos into:{
ee807 info: 2 29 30 
ee807 info: }
ee807 info: last point:f5
ee807 info: Pattern to decompose:293 BN:0 Decompos into:{
ee807 info: 2 29 30 
ee807 info: }
ee807 info: last point:f6
ee807 info: Out of pattern_list coverage, select the first brach of the last pattern 2
ee807 info: Pattern to decompose:2 BN:0 Decompos into:{ }
ee807 info: last point:d4
ee807 info: Out of pattern_list coverage, select the first brach of the last pattern 2
ee807 info: Pattern to decompose:2 BN:0 Decompos into:{ }
ee807 info: last point:a1
ee807 info: Out of pattern_list coverage, select the first brach of the last pattern 2
ee807 info: Pattern to decompose:2 BN:0 Decompos into:{ }
ee807 info: last point:e2
ee807 info: Out of pattern_list coverage, select the first brach of the last pattern 293
ee807 info: Pattern to decompose:293 BN:0 Decompos into:{
ee807 info: 2 29 30 
ee807 info: }
ee807 info: last point:c9
ee807 info: Pattern to decompose:293 BN:1 Decompos into:{
ee807 info: 5 20 24 25 26 31 32 33 34 
ee807 info: 16 1 2 3 4 5 6 7 8 9 10 11 12 13 14 15 16 17 18 
ee807 info: }
ee807 info: last point:b9
ee807 info: Pattern to decompose:293 BN:1 Decompos into:{
ee807 info: 5 20 24 25 26 31 32 33 34 
ee807 info: 16 1 2 3 4 5 6 7 8 9 10 11 12 13 14 15 16 17 18 
ee807 info: }
ee807 info: last point:c8
ee807 info: Pattern to decompose:293 BN:1 Decompos into:{
ee807 info: 5 20 24 25 26 31 32 33 34 
ee807 info: 16 1 2 3 4 5 6 7 8 9 10 11 12 13 14 15 16 17 18 
ee807 info: }
ee807 info: last point:c9
ee807 info: Pattern to decompose:293 BN:1 Decompos into:{
ee807 info: 5 20 24 25 26 31 32 33 34 
ee807 info: 16 1 2 3 4 5 6 7 8 9 10 11 12 13 14 15 16 17 18 
ee807 info: }
ee807 info: last point:d9
ee807 info: Pattern to decompose:293 BN:0 Decompos into:{
ee807 info: 2 29 30 
ee807 info: }
ee807 info: last point:c9
ee807 info: Pattern to decompose:293 BN:1 Decompos into:{
ee807 info: 5 20 24 25 26 31 32 33 34 
ee807 info: 16 1 2 3 4 5 6 7 8 9 10 11 12 13 14 15 16 17 18 
ee807 info: }
ee807 info: last point:c8
ee807 info: Pattern to decompose:293 BN:1 Decompos into:{
ee807 info: 5 20 24 25 26 31 32 33 34 
ee807 info: 16 1 2 3 4 5 6 7 8 9 10 11 12 13 14 15 16 17 18 
ee807 info: }
ee807 info: last point:c9
ee807 info: Pattern to decompose:293 BN:1 Decompos into:{
ee807 info: 5 20 24 25 26 31 32 33 34 
ee807 info: 16 1 2 3 4 5 6 7 8 9 10 11 12 13 14 15 16 17 18 
ee807 info: }
ee807 info: last point:c9
ee807 info: Pattern to decompose:293 BN:1 Decompos into:{
ee807 info: 5 20 24 25 26 31 32 33 34 
ee807 info: 16 1 2 3 4 5 6 7 8 9 10 11 12 13 14 15 16 17 18 
ee807 info: }
ee807 info: last point:d9
ee807 info: Pattern to decompose:5 BN:1 Decompos into:{
ee807 info: 2 7 8 
ee807 info: 2 1 3 
ee807 info: }
ee807 info: last point:e8
ee807 info: Pattern to decompose:5 BN:1 Decompos into:{
ee807 info: 2 7 8 
ee807 info: 2 1 3 
ee807 info: }
ee807 info: last point:d9
ee807 info: Pattern to decompose:5 BN:1 Decompos into:{
ee807 info: 2 7 8 
ee807 info: 2 1 3 
ee807 info: }
ee807 info: last point:e8
ee807 info: Pattern to decompose:5 BN:1 Decompos into:{
ee807 info: 2 7 8 
ee807 info: 2 1 3 
ee807 info: }
ee807 info: last point:e7
ee807 info: Pattern to decompose:16 BN:1 Decompos into:{
ee807 info: 2 14 15 
ee807 info: 17 1 2 3 4 5 6 7 8 9 10 
ee807 info: }
ee807 info: last point:e8
ee807 info: Pattern to decompose:5 BN:1 Decompos into:{
ee807 info: 2 7 8 
ee807 info: 2 1 3 
ee807 info: }
ee807 info: last point:e7
ee807 info: Pattern to decompose:16 BN:1 Decompos into:{
ee807 info: 2 14 15 
ee807 info: 17 1 2 3 4 5 6 7 8 9 10 
ee807 info: }
ee807 info: last point:e8
ee807 info: Pattern to decompose:5 BN:1 Decompos into:{
ee807 info: 2 7 8 
ee807 info: 2 1 3 
ee807 info: }
ee807 info: last point:e7
ee807 info: Pattern to decompose:16 BN:1 Decompos into:{
ee807 info: 2 14 15 
ee807 info: 17 1 2 3 4 5 6 7 8 9 10 
ee807 info: }
ee807 info: last point:e7
ee807 info: Pattern to decompose:16 BN:1 Decompos into:{
ee807 info: 2 14 15 
ee807 info: 17 1 2 3 4 5 6 7 8 9 10 
ee807 info: }
ee807 info: last point:f6
ee807 info: Pattern to decompose:2 BN:0 Decompos into:{ }
ee807 info: last point:f5
ee807 info: Pattern to decompose:17 BN:1 Decompos into:{
ee807 info: 2 7 8 
ee807 info: 13 1 2 3 4 
ee807 info: }
ee807 info: last point:h3
ee807 info: Pattern to decompose:17 BN:0 Decompos into:{ }
ee807 info: last point:g4
ee807 info: Pattern to decompose:17 BN:0 Decompos into:{ }
ee807 info: last point:h3
ee807 info: Pattern to decompose:17 BN:0 Decompos into:{ }
ee807 info: last point:g4
ee807 info: Pattern to decompose:17 BN:0 Decompos into:{ }
ee807 info: last point:f5
ee807 info: Pattern to decompose:17 BN:1 Decompos into:{
ee807 info: 2 7 8 
ee807 info: 13 1 2 3 4 
ee807 info: }
ee807 info: last point:d5
ee807 info: Out of pattern_list coverage, select the first brach of the last pattern 17
ee807 info: Pattern to decompose:17 BN:0 Decompos into:{ }
ee807 info: last point:e6
ee807 info: Pattern to decompose:2 BN:0 Decompos into:{ }
ee807 info: last point:f6
ee807 info: Pattern to decompose:2 BN:0 Decompos into:{ }
ee807 info: last point:f5
ee807 info: Pattern to decompose:17 BN:1 Decompos into:{
ee807 info: 2 7 8 
ee807 info: 13 1 2 3 4 
ee807 info: }
ee807 info: last point:f5
ee807 info: Pattern to decompose:17 BN:1 Decompos into:{
ee807 info: 2 7 8 
ee807 info: 13 1 2 3 4 
ee807 info: }
ee807 info: last point:g4
ee807 info: Pattern to decompose:2 BN:0 Decompos into:{ }
ee807 info: last point:h2
ee807 info: Pattern to decompose:13 BN:0 Decompos into:{ }
ee807 info: last point:g3
ee807 info: Pattern to decompose:13 BN:1 Decompos into:{
ee807 info: 2 2 3 
ee807 info: }
ee807 info: last point:g3
ee807 info: Pattern to decompose:13 BN:1 Decompos into:{
ee807 info: 2 2 3 
ee807 info: }
ee807 info: last point:g4
ee807 info: Pattern to decompose:2 BN:0 Decompos into:{ }
ee807 info: last point:f8
ee807 info: Pattern to decompose:5 BN:0 Decompos into:{
ee807 info: 2 5 6 
ee807 info: }
ee807 info: last point:e9
ee807 info: Pattern to decompose:5 BN:1 Decompos into:{
ee807 info: 2 7 8 
ee807 info: 2 1 3 
ee807 info: }
ee807 info: last point:e9
ee807 info: Pattern to decompose:5 BN:1 Decompos into:{
ee807 info: 2 7 8 
ee807 info: 2 1 3 
ee807 info: }
ee807 info: last point:f8
ee807 info: Pattern to decompose:2 BN:1 Decompos into:{ }
ee807 info: last point:g6
ee807 info: Pattern to decompose:2 BN:1 Decompos into:{ }
ee807 info: last point:f6
ee807 info: Pattern to decompose:2 BN:0 Decompos into:{ }
ee807 info: last point:e6
ee807 info: Pattern to decompose:2 BN:0 Decompos into:{ }
ee807 info: last point:e6
ee807 info: Pattern to decompose:2 BN:0 Decompos into:{ }
ee807 info: last point:d5
ee807 info: Out of pattern_list coverage, select the first brach of the last pattern 2
ee807 info: Pattern to decompose:2 BN:0 Decompos into:{ }
ee807 info: last point:b4
ee807 info: Out of pattern_list coverage, select the first brach of the last pattern 2
ee807 info: Pattern to decompose:2 BN:0 Decompos into:{ }
ee807 info: last point:a4
ee807 info: Out of pattern_list coverage, select the first brach of the last pattern 2
ee807 info: Pattern to decompose:2 BN:0 Decompos into:{ }
ee807 info: last point:b3
ee807 info: Out of pattern_list coverage, select the first brach of the last pattern 2
ee807 info: Pattern to decompose:2 BN:0 Decompos into:{ }
ee807 info: last point:g2
ee807 info: Out of pattern_list coverage, select the first brach of the last pattern 2
ee807 info: Pattern to decompose:2 BN:0 Decompos into:{ }
ee807 info: last point:h2
ee807 info: Pattern to decompose:2 BN:0 Decompos into:{ }
ee807 info: last point:i2
ee807 info: Pattern to decompose:2 BN:1 Decompos into:{ }
ee807 info: last point:i2
ee807 info: Pattern to decompose:2 BN:1 Decompos into:{ }
ee807 info: last point:i3
ee807 info: Out of pattern_list coverage, select the first brach of the last pattern 2
ee807 info: Pattern to decompose:2 BN:0 Decompos into:{ }
ee807 info: last point:h4
ee807 info: Pattern to decompose:2 BN:1 Decompos into:{ }
ee807 info: last point:i3
ee807 info: Out of pattern_list coverage, select the first brach of the last pattern 2
ee807 info: Pattern to decompose:2 BN:0 Decompos into:{ }
ee807 info: last point:h4
ee807 info: Pattern to decompose:2 BN:1 Decompos into:{ }
ee807 info: last point:f6
ee807 info: Pattern to decompose:2 BN:0 Decompos into:{ }
ee807 info: last point:b9
ee807 info: Out of pattern_list coverage, select the first brach of the last pattern 2
ee807 info: Pattern to decompose:2 BN:0 Decompos into:{ }
ee807 info: last point:a9
ee807 info: Out of pattern_list coverage, select the first brach of the last pattern 2
ee807 info: Pattern to decompose:2 BN:0 Decompos into:{ }
ee807 info: last point:b9
ee807 info: Out of pattern_list coverage, select the first brach of the last pattern 2
ee807 info: Pattern to decompose:2 BN:0 Decompos into:{ }
ee807 info: last point:b9
ee807 info: Out of pattern_list coverage, select the first brach of the last pattern 2
ee807 info: Pattern to decompose:2 BN:0 Decompos into:{ }
ee807 info: last point:a9
ee807 info: Out of pattern_list coverage, select the first brach of the last pattern 2
ee807 info: Pattern to decompose:2 BN:0 Decompos into:{ }
ee807 info: last point:a9
ee807 info: Out of pattern_list coverage, select the first brach of the last pattern 2
ee807 info: Pattern to decompose:2 BN:0 Decompos into:{ }
ee807 info: last point:b8
ee807 info: Out of pattern_list coverage, select the first brach of the last pattern 2
ee807 info: Pattern to decompose:2 BN:0 Decompos into:{ }
ee807 info: last point:f6
ee807 info: Pattern to decompose:2 BN:0 Decompos into:{ }
ee807 info: last point:h4
ee807 info: Pattern to decompose:2 BN:1 Decompos into:{ }
ee807 info: last point:i3
ee807 info: Out of pattern_list coverage, select the first brach of the last pattern 2
ee807 info: Pattern to decompose:2 BN:0 Decompos into:{ }
ee807 info: last point:i4
ee807 info: Out of pattern_list coverage, select the first brach of the last pattern 2
ee807 info: Pattern to decompose:2 BN:0 Decompos into:{ }
ee807 info: last point:h5
ee807 info: Out of pattern_list coverage, select the first brach of the last pattern 2
ee807 info: Pattern to decompose:2 BN:0 Decompos into:{ }
ee807 info: last point:g6
ee807 info: Pattern to decompose:2 BN:1 Decompos into:{ }
ee807 info: last point:g6
ee807 info: Pattern to decompose:2 BN:1 Decompos into:{ }
ee807 info: last point:d4
ee807 info: Out of pattern_list coverage, select the first brach of the last pattern 2
ee807 info: Pattern to decompose:2 BN:0 Decompos into:{ }
ee807 info: last point:a3
ee807 info: Out of pattern_list coverage, select the first brach of the last pattern 2
ee807 info: Pattern to decompose:2 BN:0 Decompos into:{ }
ee807 config: ============ BenzeneShutdown =============
ee807 config: JYProgram:: ShutdownSystem()
ee807 config: CommonProgram:: ShutdownSystem()
ee807 config: BenzeneProgram:: ShutdownSystem()
Flushing and closing this stream...
