5b937 config: JY v2.0.CMake Sep 18 2019.
5b937 config: ============ InitializeSystem ============
5b937 config: BenzeneProgram::InitRandom()
5b937 config: Seed = 1571865461
5b937 config: IcePatternSet: reading from '/home/d/benzene-vanilla-cmake/share/ice-patterns.txt'.
5b937 config: IcePatternSet: parsed 708 patterns.
5b937 config: VCS: reading captured set patterns from '/home/d/benzene-vanilla-cmake/share/vc-captured-set.txt'.
5b937 config: VCS:: parsed 2 patterns.
5b937 config: VCS: reading captured set patterns from '/home/d/benzene-vanilla-cmake/share/vc-captured-set.txt'.
5b937 config: VCS:: parsed 2 patterns.
5b937 config: IcePatternSet: reading from '/home/d/benzene-vanilla-cmake/share/ice-patterns.txt'.
5b937 config: IcePatternSet: parsed 708 patterns.
5b937 config: VCS: reading captured set patterns from '/home/d/benzene-vanilla-cmake/share/vc-captured-set.txt'.
5b937 config: VCS:: parsed 2 patterns.
5b937 config: VCS: reading captured set patterns from '/home/d/benzene-vanilla-cmake/share/vc-captured-set.txt'.
5b937 config: VCS:: parsed 2 patterns.
5b937 info: boardsize: 9
5b937 info: Num of loaded patterns: 715
5b937 info: Current pattern list:{1,}
5b937 info: 
Default pattern file: /home/d/benzene-vanilla-cmake/share/hex99-3.txt
5b937 info: 
Num of lines in pattern file:26231
5b937 config: VCS: reading captured set patterns from '/home/d/benzene-vanilla-cmake/share/vc-captured-set.txt'.
5b937 config: VCS:: parsed 2 patterns.
5b937 config: VCS: reading captured set patterns from '/home/d/benzene-vanilla-cmake/share/vc-captured-set.txt'.
5b937 config: VCS:: parsed 2 patterns.
5b937 config: VCS: reading captured set patterns from '/home/d/benzene-vanilla-cmake/share/vc-captured-set.txt'.
5b937 config: VCS:: parsed 2 patterns.
5b937 config: VCS: reading captured set patterns from '/home/d/benzene-vanilla-cmake/share/vc-captured-set.txt'.
5b937 config: VCS:: parsed 2 patterns.
5b937 info: last point:g3
5b937 info: Pattern to decompose:1 BN:1 Decompos into:{
5b937 info: 21 33 32 31 30 29 24 23 22 21 20 16 15 14 13 12 11 8 7 6 5 4 3 2 39 
5b937 info: 21 47 48 49 50 51 56 57 58 59 60 64 65 66 67 68 69 72 73 74 75 76 77 78 41 
5b937 info: }
